<?xml version="1.0" encoding="UTF-8"?>
<testsuites>
  <testsuite name="" tests="64" assertions="155" errors="0" failures="0" skipped="0" time="210.429384">
    <testsuite name="Unit" tests="30" assertions="30" errors="0" failures="0" skipped="0" time="75.385153">
      <testsuite name="Tests\Unit\GetEstadoSolicitudTest" file="C:\xampp\htdocs\demo-proyecto-laravel\tests\Unit\insumo\GetEstadoSolicitudTest.php" tests="2" assertions="2" errors="0" failures="0" skipped="0" time="9.670201">
        <testcase name="testGetEstadoSolicitudInsumoIsAprobado" class="Tests\Unit\GetEstadoSolicitudTest" classname="Tests.Unit.GetEstadoSolicitudTest" file="C:\xampp\htdocs\demo-proyecto-laravel\tests\Unit\insumo\GetEstadoSolicitudTest.php" line="18" assertions="1" time="7.407663"/>
        <testcase name="testGetEstadoSolicitudInsumoSinSolicitud" class="Tests\Unit\GetEstadoSolicitudTest" classname="Tests.Unit.GetEstadoSolicitudTest" file="C:\xampp\htdocs\demo-proyecto-laravel\tests\Unit\insumo\GetEstadoSolicitudTest.php" line="41" assertions="1" time="2.262538"/>
      </testsuite>
      <testsuite name="Tests\Unit\insumo\GetModelByInsumoTest" file="C:\xampp\htdocs\demo-proyecto-laravel\tests\Unit\insumo\GetModelByInsumoTest.php" tests="3" assertions="3" errors="0" failures="0" skipped="0" time="7.377578">
        <testcase name="testGetProductsByInsumo" class="Tests\Unit\insumo\GetModelByInsumoTest" classname="Tests.Unit.insumo.GetModelByInsumoTest" file="C:\xampp\htdocs\demo-proyecto-laravel\tests\Unit\insumo\GetModelByInsumoTest.php" line="18" assertions="1" time="2.638285"/>
        <testcase name="testGetProveedoresByInsumo" class="Tests\Unit\insumo\GetModelByInsumoTest" classname="Tests.Unit.insumo.GetModelByInsumoTest" file="C:\xampp\htdocs\demo-proyecto-laravel\tests\Unit\insumo\GetModelByInsumoTest.php" line="33" assertions="1" time="2.710145"/>
        <testcase name="testGetPivotByInsumo" class="Tests\Unit\insumo\GetModelByInsumoTest" classname="Tests.Unit.insumo.GetModelByInsumoTest" file="C:\xampp\htdocs\demo-proyecto-laravel\tests\Unit\insumo\GetModelByInsumoTest.php" line="48" assertions="1" time="2.029148"/>
      </testsuite>
      <testsuite name="Tests\Unit\insumo\GetMontoSolicitadoTest" file="C:\xampp\htdocs\demo-proyecto-laravel\tests\Unit\insumo\GetMontoSolicitadoTest.php" tests="1" assertions="1" errors="0" failures="0" skipped="0" time="2.896996">
        <testcase name="testGetMontoSolicitado" class="Tests\Unit\insumo\GetMontoSolicitadoTest" classname="Tests.Unit.insumo.GetMontoSolicitadoTest" file="C:\xampp\htdocs\demo-proyecto-laravel\tests\Unit\insumo\GetMontoSolicitadoTest.php" line="18" assertions="1" time="2.896996"/>
      </testsuite>
      <testsuite name="Tests\Unit\GetUnidadMedidaInsumodTest" file="C:\xampp\htdocs\demo-proyecto-laravel\tests\Unit\insumo\GetUnidadMedidaInsumodTest.php" tests="4" assertions="4" errors="0" failures="0" skipped="0" time="9.914577">
        <testcase name="testGetUnidadMedidaInsumoIsUnidad" class="Tests\Unit\GetUnidadMedidaInsumodTest" classname="Tests.Unit.GetUnidadMedidaInsumodTest" file="C:\xampp\htdocs\demo-proyecto-laravel\tests\Unit\insumo\GetUnidadMedidaInsumodTest.php" line="17" assertions="1" time="2.481042"/>
        <testcase name="testGetUnidadMedidaInsumoIsToneladas" class="Tests\Unit\GetUnidadMedidaInsumodTest" classname="Tests.Unit.GetUnidadMedidaInsumodTest" file="C:\xampp\htdocs\demo-proyecto-laravel\tests\Unit\insumo\GetUnidadMedidaInsumodTest.php" line="29" assertions="1" time="2.495023"/>
        <testcase name="testGetUnidadMedidaInsumoIsPulgadas" class="Tests\Unit\GetUnidadMedidaInsumodTest" classname="Tests.Unit.GetUnidadMedidaInsumodTest" file="C:\xampp\htdocs\demo-proyecto-laravel\tests\Unit\insumo\GetUnidadMedidaInsumodTest.php" line="41" assertions="1" time="2.452718"/>
        <testcase name="testGetUnidadMedidaInsumoIsMetros" class="Tests\Unit\GetUnidadMedidaInsumodTest" classname="Tests.Unit.GetUnidadMedidaInsumodTest" file="C:\xampp\htdocs\demo-proyecto-laravel\tests\Unit\insumo\GetUnidadMedidaInsumodTest.php" line="53" assertions="1" time="2.485794"/>
      </testsuite>
      <testsuite name="Tests\Unit\pedido\GetEstadoActualPedidoTest" file="C:\xampp\htdocs\demo-proyecto-laravel\tests\Unit\pedido\GetEstadoActualPedidoTest.php" tests="6" assertions="6" errors="0" failures="0" skipped="0" time="15.047246">
        <testcase name="testGetEstadoPedidoIsEnEspera" class="Tests\Unit\pedido\GetEstadoActualPedidoTest" classname="Tests.Unit.pedido.GetEstadoActualPedidoTest" file="C:\xampp\htdocs\demo-proyecto-laravel\tests\Unit\pedido\GetEstadoActualPedidoTest.php" line="27" assertions="1" time="3.034582"/>
        <testcase name="testGetEstadoPedidoIsAprobado" class="Tests\Unit\pedido\GetEstadoActualPedidoTest" classname="Tests.Unit.pedido.GetEstadoActualPedidoTest" file="C:\xampp\htdocs\demo-proyecto-laravel\tests\Unit\pedido\GetEstadoActualPedidoTest.php" line="39" assertions="1" time="2.883417"/>
        <testcase name="testGetEstadoPedidoIsRechazado" class="Tests\Unit\pedido\GetEstadoActualPedidoTest" classname="Tests.Unit.pedido.GetEstadoActualPedidoTest" file="C:\xampp\htdocs\demo-proyecto-laravel\tests\Unit\pedido\GetEstadoActualPedidoTest.php" line="51" assertions="1" time="2.235140"/>
        <testcase name="testGetEstadoPedidoIsEsperando" class="Tests\Unit\pedido\GetEstadoActualPedidoTest" classname="Tests.Unit.pedido.GetEstadoActualPedidoTest" file="C:\xampp\htdocs\demo-proyecto-laravel\tests\Unit\pedido\GetEstadoActualPedidoTest.php" line="63" assertions="1" time="2.232600"/>
        <testcase name="testGetEstadoPedidoIsEnEjecucion" class="Tests\Unit\pedido\GetEstadoActualPedidoTest" classname="Tests.Unit.pedido.GetEstadoActualPedidoTest" file="C:\xampp\htdocs\demo-proyecto-laravel\tests\Unit\pedido\GetEstadoActualPedidoTest.php" line="74" assertions="1" time="2.485525"/>
        <testcase name="testGetEstadoPedidoIsEnTerminado" class="Tests\Unit\pedido\GetEstadoActualPedidoTest" classname="Tests.Unit.pedido.GetEstadoActualPedidoTest" file="C:\xampp\htdocs\demo-proyecto-laravel\tests\Unit\pedido\GetEstadoActualPedidoTest.php" line="86" assertions="1" time="2.175982"/>
      </testsuite>
      <testsuite name="Tests\Unit\pedido\GetEstadoSiguientePedidoTest" file="C:\xampp\htdocs\demo-proyecto-laravel\tests\Unit\pedido\GetEstadoSiguientePedidoTest.php" tests="4" assertions="4" errors="0" failures="0" skipped="0" time="9.498020">
        <testcase name="testGetNextEstadoPedidoIsAprobar" class="Tests\Unit\pedido\GetEstadoSiguientePedidoTest" classname="Tests.Unit.pedido.GetEstadoSiguientePedidoTest" file="C:\xampp\htdocs\demo-proyecto-laravel\tests\Unit\pedido\GetEstadoSiguientePedidoTest.php" line="24" assertions="1" time="2.252767"/>
        <testcase name="testGetNextEstadoPedidoIsEjecutar" class="Tests\Unit\pedido\GetEstadoSiguientePedidoTest" classname="Tests.Unit.pedido.GetEstadoSiguientePedidoTest" file="C:\xampp\htdocs\demo-proyecto-laravel\tests\Unit\pedido\GetEstadoSiguientePedidoTest.php" line="36" assertions="1" time="2.347032"/>
        <testcase name="testGetNextEstadoPedidoIsAprobar2" class="Tests\Unit\pedido\GetEstadoSiguientePedidoTest" classname="Tests.Unit.pedido.GetEstadoSiguientePedidoTest" file="C:\xampp\htdocs\demo-proyecto-laravel\tests\Unit\pedido\GetEstadoSiguientePedidoTest.php" line="48" assertions="1" time="2.384791"/>
        <testcase name="testGetNextEstadoPedidoIsTerminar" class="Tests\Unit\pedido\GetEstadoSiguientePedidoTest" classname="Tests.Unit.pedido.GetEstadoSiguientePedidoTest" file="C:\xampp\htdocs\demo-proyecto-laravel\tests\Unit\pedido\GetEstadoSiguientePedidoTest.php" line="60" assertions="1" time="2.513430"/>
      </testsuite>
      <testsuite name="Tests\Unit\pedido\GetNewCodigoPedidoTest" file="C:\xampp\htdocs\demo-proyecto-laravel\tests\Unit\pedido\GetNewCodigoPedidoTest.php" tests="3" assertions="3" errors="0" failures="0" skipped="0" time="6.136271">
        <testcase name="testGetNewCodigoPedidoOneDigit" class="Tests\Unit\pedido\GetNewCodigoPedidoTest" classname="Tests.Unit.pedido.GetNewCodigoPedidoTest" file="C:\xampp\htdocs\demo-proyecto-laravel\tests\Unit\pedido\GetNewCodigoPedidoTest.php" line="17" assertions="1" time="2.302240"/>
        <testcase name="testGetNewCodigoPedidoThreeDigit" class="Tests\Unit\pedido\GetNewCodigoPedidoTest" classname="Tests.Unit.pedido.GetNewCodigoPedidoTest" file="C:\xampp\htdocs\demo-proyecto-laravel\tests\Unit\pedido\GetNewCodigoPedidoTest.php" line="30" assertions="1" time="1.974334"/>
        <testcase name="testGetNewCodigoPedidoSixDigit" class="Tests\Unit\pedido\GetNewCodigoPedidoTest" classname="Tests.Unit.pedido.GetNewCodigoPedidoTest" file="C:\xampp\htdocs\demo-proyecto-laravel\tests\Unit\pedido\GetNewCodigoPedidoTest.php" line="43" assertions="1" time="1.859697"/>
      </testsuite>
      <testsuite name="Tests\Unit\pedido\GetXEstadoPedidoTest" file="C:\xampp\htdocs\demo-proyecto-laravel\tests\Unit\pedido\GetXEstadoPedidoTest.php" tests="5" assertions="5" errors="0" failures="0" skipped="0" time="9.546335">
        <testcase name="testPedidoIsAprobed" class="Tests\Unit\pedido\GetXEstadoPedidoTest" classname="Tests.Unit.pedido.GetXEstadoPedidoTest" file="C:\xampp\htdocs\demo-proyecto-laravel\tests\Unit\pedido\GetXEstadoPedidoTest.php" line="17" assertions="1" time="2.018797"/>
        <testcase name="testPedidoIsRejected" class="Tests\Unit\pedido\GetXEstadoPedidoTest" classname="Tests.Unit.pedido.GetXEstadoPedidoTest" file="C:\xampp\htdocs\demo-proyecto-laravel\tests\Unit\pedido\GetXEstadoPedidoTest.php" line="29" assertions="1" time="1.947171"/>
        <testcase name="testPedidoIsEsperaInsumos" class="Tests\Unit\pedido\GetXEstadoPedidoTest" classname="Tests.Unit.pedido.GetXEstadoPedidoTest" file="C:\xampp\htdocs\demo-proyecto-laravel\tests\Unit\pedido\GetXEstadoPedidoTest.php" line="41" assertions="1" time="1.758673"/>
        <testcase name="testPedidoIsEjecucion" class="Tests\Unit\pedido\GetXEstadoPedidoTest" classname="Tests.Unit.pedido.GetXEstadoPedidoTest" file="C:\xampp\htdocs\demo-proyecto-laravel\tests\Unit\pedido\GetXEstadoPedidoTest.php" line="53" assertions="1" time="1.860081"/>
        <testcase name="testPedidoIsTerminado" class="Tests\Unit\pedido\GetXEstadoPedidoTest" classname="Tests.Unit.pedido.GetXEstadoPedidoTest" file="C:\xampp\htdocs\demo-proyecto-laravel\tests\Unit\pedido\GetXEstadoPedidoTest.php" line="65" assertions="1" time="1.961613"/>
      </testsuite>
      <testsuite name="Tests\Unit\producto\GetUnidadMedidaProductoTest" file="C:\xampp\htdocs\demo-proyecto-laravel\tests\Unit\producto\GetUnidadMedidaProductoTest.php" tests="2" assertions="2" errors="0" failures="0" skipped="0" time="5.297930">
        <testcase name="testGetUnidadMedidaProductoIsPulgadas" class="Tests\Unit\producto\GetUnidadMedidaProductoTest" classname="Tests.Unit.producto.GetUnidadMedidaProductoTest" file="C:\xampp\htdocs\demo-proyecto-laravel\tests\Unit\producto\GetUnidadMedidaProductoTest.php" line="21" assertions="1" time="2.669314"/>
        <testcase name="testGetUnidadMedidaProductoIsMetros" class="Tests\Unit\producto\GetUnidadMedidaProductoTest" classname="Tests.Unit.producto.GetUnidadMedidaProductoTest" file="C:\xampp\htdocs\demo-proyecto-laravel\tests\Unit\producto\GetUnidadMedidaProductoTest.php" line="34" assertions="1" time="2.628616"/>
      </testsuite>
    </testsuite>
    <testsuite name="Feature" tests="34" assertions="125" errors="0" failures="0" skipped="0" time="135.044231">
      <testsuite name="Tests\Feature\UserCanComprarInsumosTest" file="C:\xampp\htdocs\demo-proyecto-laravel\tests\Feature\UserCanComprarInsumosTest.php" tests="4" assertions="15" errors="0" failures="0" skipped="0" time="15.324092">
        <testcase name="testUseCanSeeSolicitudesCompraInsumos" class="Tests\Feature\UserCanComprarInsumosTest" classname="Tests.Feature.UserCanComprarInsumosTest" file="C:\xampp\htdocs\demo-proyecto-laravel\tests\Feature\UserCanComprarInsumosTest.php" line="22" assertions="3" time="6.019438"/>
        <testcase name="testUseCanRejectSolicitud" class="Tests\Feature\UserCanComprarInsumosTest" classname="Tests.Feature.UserCanComprarInsumosTest" file="C:\xampp\htdocs\demo-proyecto-laravel\tests\Feature\UserCanComprarInsumosTest.php" line="36" assertions="4" time="3.245354"/>
        <testcase name="testUseCanApproveSolicitud" class="Tests\Feature\UserCanComprarInsumosTest" classname="Tests.Feature.UserCanComprarInsumosTest" file="C:\xampp\htdocs\demo-proyecto-laravel\tests\Feature\UserCanComprarInsumosTest.php" line="55" assertions="4" time="3.115485"/>
        <testcase name="testUseCanRegisterCompra" class="Tests\Feature\UserCanComprarInsumosTest" classname="Tests.Feature.UserCanComprarInsumosTest" file="C:\xampp\htdocs\demo-proyecto-laravel\tests\Feature\UserCanComprarInsumosTest.php" line="74" assertions="4" time="2.943815"/>
      </testsuite>
      <testsuite name="Tests\Feature\UserCanMainteinCategoryTest" file="C:\xampp\htdocs\demo-proyecto-laravel\tests\Feature\UserCanManteinCategoryTest.php" tests="6" assertions="21" errors="0" failures="0" skipped="0" time="18.492813">
        <testcase name="UserLoadsCategoryList" class="Tests\Feature\UserCanMainteinCategoryTest" classname="Tests.Feature.UserCanMainteinCategoryTest" file="C:\xampp\htdocs\demo-proyecto-laravel\tests\Feature\UserCanManteinCategoryTest.php" line="24" assertions="3" time="3.956457"/>
        <testcase name="UserCanCreateCategory" class="Tests\Feature\UserCanMainteinCategoryTest" classname="Tests.Feature.UserCanMainteinCategoryTest" file="C:\xampp\htdocs\demo-proyecto-laravel\tests\Feature\UserCanManteinCategoryTest.php" line="39" assertions="4" time="2.963866"/>
        <testcase name="UserCanEditCategory" class="Tests\Feature\UserCanMainteinCategoryTest" classname="Tests.Feature.UserCanMainteinCategoryTest" file="C:\xampp\htdocs\demo-proyecto-laravel\tests\Feature\UserCanManteinCategoryTest.php" line="54" assertions="2" time="2.620088"/>
        <testcase name="UserCanUpdateCategory" class="Tests\Feature\UserCanMainteinCategoryTest" classname="Tests.Feature.UserCanMainteinCategoryTest" file="C:\xampp\htdocs\demo-proyecto-laravel\tests\Feature\UserCanManteinCategoryTest.php" line="70" assertions="4" time="2.996809"/>
        <testcase name="UserCantDeleteCategoryWithProducts" class="Tests\Feature\UserCanMainteinCategoryTest" classname="Tests.Feature.UserCanMainteinCategoryTest" file="C:\xampp\htdocs\demo-proyecto-laravel\tests\Feature\UserCanManteinCategoryTest.php" line="87" assertions="4" time="2.949876"/>
        <testcase name="UserCanDeleteCategory" class="Tests\Feature\UserCanMainteinCategoryTest" classname="Tests.Feature.UserCanMainteinCategoryTest" file="C:\xampp\htdocs\demo-proyecto-laravel\tests\Feature\UserCanManteinCategoryTest.php" line="102" assertions="4" time="3.005717"/>
      </testsuite>
      <testsuite name="Tests\Feature\UserCanManteinPedidoTest" file="C:\xampp\htdocs\demo-proyecto-laravel\tests\Feature\UserCanManteinPedidoTest.php" tests="5" assertions="18" errors="0" failures="0" skipped="0" time="18.181388">
        <testcase name="UserLoadsOrderList" class="Tests\Feature\UserCanManteinPedidoTest" classname="Tests.Feature.UserCanManteinPedidoTest" file="C:\xampp\htdocs\demo-proyecto-laravel\tests\Feature\UserCanManteinPedidoTest.php" line="25" assertions="3" time="3.574746"/>
        <testcase name="UserCanCreateOrder" class="Tests\Feature\UserCanManteinPedidoTest" classname="Tests.Feature.UserCanManteinPedidoTest" file="C:\xampp\htdocs\demo-proyecto-laravel\tests\Feature\UserCanManteinPedidoTest.php" line="41" assertions="4" time="3.561342"/>
        <testcase name="UserCanEditOrder" class="Tests\Feature\UserCanManteinPedidoTest" classname="Tests.Feature.UserCanManteinPedidoTest" file="C:\xampp\htdocs\demo-proyecto-laravel\tests\Feature\UserCanManteinPedidoTest.php" line="56" assertions="3" time="4.601294"/>
        <testcase name="UserCanUpdateOrder" class="Tests\Feature\UserCanManteinPedidoTest" classname="Tests.Feature.UserCanManteinPedidoTest" file="C:\xampp\htdocs\demo-proyecto-laravel\tests\Feature\UserCanManteinPedidoTest.php" line="72" assertions="4" time="3.400278"/>
        <testcase name="UserCantDeleteOrder" class="Tests\Feature\UserCanManteinPedidoTest" classname="Tests.Feature.UserCanManteinPedidoTest" file="C:\xampp\htdocs\demo-proyecto-laravel\tests\Feature\UserCanManteinPedidoTest.php" line="88" assertions="4" time="3.043728"/>
      </testsuite>
      <testsuite name="Tests\Feature\UserCanManteinProductoTest" file="C:\xampp\htdocs\demo-proyecto-laravel\tests\Feature\UserCanManteinProductoTest.php" tests="5" assertions="21" errors="0" failures="0" skipped="0" time="20.136110">
        <testcase name="UserLoadsProducList" class="Tests\Feature\UserCanManteinProductoTest" classname="Tests.Feature.UserCanManteinProductoTest" file="C:\xampp\htdocs\demo-proyecto-laravel\tests\Feature\UserCanManteinProductoTest.php" line="25" assertions="3" time="6.847661"/>
        <testcase name="UserCanCreateProduct" class="Tests\Feature\UserCanManteinProductoTest" classname="Tests.Feature.UserCanManteinProductoTest" file="C:\xampp\htdocs\demo-proyecto-laravel\tests\Feature\UserCanManteinProductoTest.php" line="41" assertions="4" time="3.385087"/>
        <testcase name="UserCanEditProduct" class="Tests\Feature\UserCanManteinProductoTest" classname="Tests.Feature.UserCanManteinProductoTest" file="C:\xampp\htdocs\demo-proyecto-laravel\tests\Feature\UserCanManteinProductoTest.php" line="57" assertions="6" time="3.882371"/>
        <testcase name="UserCanUpdateProduct" class="Tests\Feature\UserCanManteinProductoTest" classname="Tests.Feature.UserCanManteinProductoTest" file="C:\xampp\htdocs\demo-proyecto-laravel\tests\Feature\UserCanManteinProductoTest.php" line="73" assertions="4" time="3.113815"/>
        <testcase name="UserCanDeleteProduct" class="Tests\Feature\UserCanManteinProductoTest" classname="Tests.Feature.UserCanManteinProductoTest" file="C:\xampp\htdocs\demo-proyecto-laravel\tests\Feature\UserCanManteinProductoTest.php" line="89" assertions="4" time="2.907176"/>
      </testsuite>
      <testsuite name="Tests\Feature\UserCanManteinProveedorTest" file="C:\xampp\htdocs\demo-proyecto-laravel\tests\Feature\UserCanManteinProveedorTest.php" tests="6" assertions="21" errors="0" failures="0" skipped="0" time="18.528434">
        <testcase name="UserLoadsProviderList" class="Tests\Feature\UserCanManteinProveedorTest" classname="Tests.Feature.UserCanManteinProveedorTest" file="C:\xampp\htdocs\demo-proyecto-laravel\tests\Feature\UserCanManteinProveedorTest.php" line="24" assertions="3" time="3.467209"/>
        <testcase name="UserCanCreateProvider" class="Tests\Feature\UserCanManteinProveedorTest" classname="Tests.Feature.UserCanManteinProveedorTest" file="C:\xampp\htdocs\demo-proyecto-laravel\tests\Feature\UserCanManteinProveedorTest.php" line="39" assertions="4" time="2.925717"/>
        <testcase name="UserCanEditProvider" class="Tests\Feature\UserCanManteinProveedorTest" classname="Tests.Feature.UserCanManteinProveedorTest" file="C:\xampp\htdocs\demo-proyecto-laravel\tests\Feature\UserCanManteinProveedorTest.php" line="54" assertions="2" time="2.528343"/>
        <testcase name="UserCanUpdateProvider" class="Tests\Feature\UserCanManteinProveedorTest" classname="Tests.Feature.UserCanManteinProveedorTest" file="C:\xampp\htdocs\demo-proyecto-laravel\tests\Feature\UserCanManteinProveedorTest.php" line="71" assertions="4" time="3.033704"/>
        <testcase name="UserCantDeleteProviderWithSupplies" class="Tests\Feature\UserCanManteinProveedorTest" classname="Tests.Feature.UserCanManteinProveedorTest" file="C:\xampp\htdocs\demo-proyecto-laravel\tests\Feature\UserCanManteinProveedorTest.php" line="87" assertions="4" time="3.259869"/>
        <testcase name="UserCantDeleteProvider" class="Tests\Feature\UserCanManteinProveedorTest" classname="Tests.Feature.UserCanManteinProveedorTest" file="C:\xampp\htdocs\demo-proyecto-laravel\tests\Feature\UserCanManteinProveedorTest.php" line="102" assertions="4" time="3.313592"/>
      </testsuite>
      <testsuite name="Tests\Feature\UserCanRevisarPedidoTest" file="C:\xampp\htdocs\demo-proyecto-laravel\tests\Feature\UserCanRevisarPedidoTest.php" tests="3" assertions="11" errors="0" failures="0" skipped="0" time="14.175783">
        <testcase name="testUserCanSeeEvaluarPedidos" class="Tests\Feature\UserCanRevisarPedidoTest" classname="Tests.Feature.UserCanRevisarPedidoTest" file="C:\xampp\htdocs\demo-proyecto-laravel\tests\Feature\UserCanRevisarPedidoTest.php" line="23" assertions="3" time="4.462119"/>
        <testcase name="testUserCanApprovePedido" class="Tests\Feature\UserCanRevisarPedidoTest" classname="Tests.Feature.UserCanRevisarPedidoTest" file="C:\xampp\htdocs\demo-proyecto-laravel\tests\Feature\UserCanRevisarPedidoTest.php" line="36" assertions="4" time="4.175003"/>
        <testcase name="testUserCanRejectPedido" class="Tests\Feature\UserCanRevisarPedidoTest" classname="Tests.Feature.UserCanRevisarPedidoTest" file="C:\xampp\htdocs\demo-proyecto-laravel\tests\Feature\UserCanRevisarPedidoTest.php" line="51" assertions="4" time="5.538661"/>
      </testsuite>
      <testsuite name="Tests\Feature\UserCanSeeDashBoardTest" file="C:\xampp\htdocs\demo-proyecto-laravel\tests\Feature\UserCanSeeDashBoardTest.php" tests="1" assertions="3" errors="0" failures="0" skipped="0" time="7.030975">
        <testcase name="testUserCanSeeDashBoard" class="Tests\Feature\UserCanSeeDashBoardTest" classname="Tests.Feature.UserCanSeeDashBoardTest" file="C:\xampp\htdocs\demo-proyecto-laravel\tests\Feature\UserCanSeeDashBoardTest.php" line="17" assertions="3" time="7.030975"/>
      </testsuite>
      <testsuite name="Tests\Feature\UserCanSeguirPedidoTest" file="C:\xampp\htdocs\demo-proyecto-laravel\tests\Feature\UserCanSeguirPedidoTest.php" tests="4" assertions="15" errors="0" failures="0" skipped="0" time="23.174636">
        <testcase name="testUserCanSeeEvaluarPedidos" class="Tests\Feature\UserCanSeguirPedidoTest" classname="Tests.Feature.UserCanSeguirPedidoTest" file="C:\xampp\htdocs\demo-proyecto-laravel\tests\Feature\UserCanSeguirPedidoTest.php" line="23" assertions="3" time="5.199846"/>
        <testcase name="testUserCanApprovePedido" class="Tests\Feature\UserCanSeguirPedidoTest" classname="Tests.Feature.UserCanSeguirPedidoTest" file="C:\xampp\htdocs\demo-proyecto-laravel\tests\Feature\UserCanSeguirPedidoTest.php" line="36" assertions="4" time="6.220710"/>
        <testcase name="testUserCanExecutePedido" class="Tests\Feature\UserCanSeguirPedidoTest" classname="Tests.Feature.UserCanSeguirPedidoTest" file="C:\xampp\htdocs\demo-proyecto-laravel\tests\Feature\UserCanSeguirPedidoTest.php" line="51" assertions="4" time="5.309589"/>
        <testcase name="testUserCanFinishPedido" class="Tests\Feature\UserCanSeguirPedidoTest" classname="Tests.Feature.UserCanSeguirPedidoTest" file="C:\xampp\htdocs\demo-proyecto-laravel\tests\Feature\UserCanSeguirPedidoTest.php" line="66" assertions="4" time="6.444491"/>
      </testsuite>
    </testsuite>
  </testsuite>
</testsuites>
