<?xml version="1.0" encoding="UTF-8"?>
<testsuites>
  <testsuite name="" tests="64" assertions="155" errors="0" failures="0" skipped="0" time="281.668667">
    <testsuite name="Unit" tests="30" assertions="30" errors="0" failures="0" skipped="0" time="89.966714">
      <testsuite name="Tests\Unit\GetEstadoSolicitudTest" file="C:\xampp\htdocs\demo-proyecto-laravel\tests\Unit\insumo\GetEstadoSolicitudTest.php" tests="2" assertions="2" errors="0" failures="0" skipped="0" time="9.337537">
        <testcase name="testGetEstadoSolicitudInsumoIsAprobado" class="Tests\Unit\GetEstadoSolicitudTest" classname="Tests.Unit.GetEstadoSolicitudTest" file="C:\xampp\htdocs\demo-proyecto-laravel\tests\Unit\insumo\GetEstadoSolicitudTest.php" line="18" assertions="1" time="5.429514"/>
        <testcase name="testGetEstadoSolicitudInsumoSinSolicitud" class="Tests\Unit\GetEstadoSolicitudTest" classname="Tests.Unit.GetEstadoSolicitudTest" file="C:\xampp\htdocs\demo-proyecto-laravel\tests\Unit\insumo\GetEstadoSolicitudTest.php" line="41" assertions="1" time="3.908023"/>
      </testsuite>
      <testsuite name="Tests\Unit\insumo\GetModelByInsumoTest" file="C:\xampp\htdocs\demo-proyecto-laravel\tests\Unit\insumo\GetModelByInsumoTest.php" tests="3" assertions="3" errors="0" failures="0" skipped="0" time="9.320032">
        <testcase name="testGetProductsByInsumo" class="Tests\Unit\insumo\GetModelByInsumoTest" classname="Tests.Unit.insumo.GetModelByInsumoTest" file="C:\xampp\htdocs\demo-proyecto-laravel\tests\Unit\insumo\GetModelByInsumoTest.php" line="18" assertions="1" time="4.020106"/>
        <testcase name="testGetProveedoresByInsumo" class="Tests\Unit\insumo\GetModelByInsumoTest" classname="Tests.Unit.insumo.GetModelByInsumoTest" file="C:\xampp\htdocs\demo-proyecto-laravel\tests\Unit\insumo\GetModelByInsumoTest.php" line="33" assertions="1" time="2.968301"/>
        <testcase name="testGetPivotByInsumo" class="Tests\Unit\insumo\GetModelByInsumoTest" classname="Tests.Unit.insumo.GetModelByInsumoTest" file="C:\xampp\htdocs\demo-proyecto-laravel\tests\Unit\insumo\GetModelByInsumoTest.php" line="48" assertions="1" time="2.331625"/>
      </testsuite>
      <testsuite name="Tests\Unit\insumo\GetMontoSolicitadoTest" file="C:\xampp\htdocs\demo-proyecto-laravel\tests\Unit\insumo\GetMontoSolicitadoTest.php" tests="1" assertions="1" errors="0" failures="0" skipped="0" time="2.190263">
        <testcase name="testGetMontoSolicitado" class="Tests\Unit\insumo\GetMontoSolicitadoTest" classname="Tests.Unit.insumo.GetMontoSolicitadoTest" file="C:\xampp\htdocs\demo-proyecto-laravel\tests\Unit\insumo\GetMontoSolicitadoTest.php" line="18" assertions="1" time="2.190263"/>
      </testsuite>
      <testsuite name="Tests\Unit\GetUnidadMedidaInsumodTest" file="C:\xampp\htdocs\demo-proyecto-laravel\tests\Unit\insumo\GetUnidadMedidaInsumodTest.php" tests="4" assertions="4" errors="0" failures="0" skipped="0" time="7.797495">
        <testcase name="testGetUnidadMedidaInsumoIsUnidad" class="Tests\Unit\GetUnidadMedidaInsumodTest" classname="Tests.Unit.GetUnidadMedidaInsumodTest" file="C:\xampp\htdocs\demo-proyecto-laravel\tests\Unit\insumo\GetUnidadMedidaInsumodTest.php" line="17" assertions="1" time="2.143058"/>
        <testcase name="testGetUnidadMedidaInsumoIsToneladas" class="Tests\Unit\GetUnidadMedidaInsumodTest" classname="Tests.Unit.GetUnidadMedidaInsumodTest" file="C:\xampp\htdocs\demo-proyecto-laravel\tests\Unit\insumo\GetUnidadMedidaInsumodTest.php" line="29" assertions="1" time="1.992929"/>
        <testcase name="testGetUnidadMedidaInsumoIsPulgadas" class="Tests\Unit\GetUnidadMedidaInsumodTest" classname="Tests.Unit.GetUnidadMedidaInsumodTest" file="C:\xampp\htdocs\demo-proyecto-laravel\tests\Unit\insumo\GetUnidadMedidaInsumodTest.php" line="41" assertions="1" time="1.842070"/>
        <testcase name="testGetUnidadMedidaInsumoIsMetros" class="Tests\Unit\GetUnidadMedidaInsumodTest" classname="Tests.Unit.GetUnidadMedidaInsumodTest" file="C:\xampp\htdocs\demo-proyecto-laravel\tests\Unit\insumo\GetUnidadMedidaInsumodTest.php" line="53" assertions="1" time="1.819438"/>
      </testsuite>
      <testsuite name="Tests\Unit\pedido\GetEstadoActualPedidoTest" file="C:\xampp\htdocs\demo-proyecto-laravel\tests\Unit\pedido\GetEstadoActualPedidoTest.php" tests="6" assertions="6" errors="0" failures="0" skipped="0" time="17.704527">
        <testcase name="testGetEstadoPedidoIsEnEspera" class="Tests\Unit\pedido\GetEstadoActualPedidoTest" classname="Tests.Unit.pedido.GetEstadoActualPedidoTest" file="C:\xampp\htdocs\demo-proyecto-laravel\tests\Unit\pedido\GetEstadoActualPedidoTest.php" line="27" assertions="1" time="2.120739"/>
        <testcase name="testGetEstadoPedidoIsAprobado" class="Tests\Unit\pedido\GetEstadoActualPedidoTest" classname="Tests.Unit.pedido.GetEstadoActualPedidoTest" file="C:\xampp\htdocs\demo-proyecto-laravel\tests\Unit\pedido\GetEstadoActualPedidoTest.php" line="39" assertions="1" time="2.560364"/>
        <testcase name="testGetEstadoPedidoIsRechazado" class="Tests\Unit\pedido\GetEstadoActualPedidoTest" classname="Tests.Unit.pedido.GetEstadoActualPedidoTest" file="C:\xampp\htdocs\demo-proyecto-laravel\tests\Unit\pedido\GetEstadoActualPedidoTest.php" line="51" assertions="1" time="2.424583"/>
        <testcase name="testGetEstadoPedidoIsEsperando" class="Tests\Unit\pedido\GetEstadoActualPedidoTest" classname="Tests.Unit.pedido.GetEstadoActualPedidoTest" file="C:\xampp\htdocs\demo-proyecto-laravel\tests\Unit\pedido\GetEstadoActualPedidoTest.php" line="63" assertions="1" time="2.962572"/>
        <testcase name="testGetEstadoPedidoIsEnEjecucion" class="Tests\Unit\pedido\GetEstadoActualPedidoTest" classname="Tests.Unit.pedido.GetEstadoActualPedidoTest" file="C:\xampp\htdocs\demo-proyecto-laravel\tests\Unit\pedido\GetEstadoActualPedidoTest.php" line="74" assertions="1" time="3.705632"/>
        <testcase name="testGetEstadoPedidoIsEnTerminado" class="Tests\Unit\pedido\GetEstadoActualPedidoTest" classname="Tests.Unit.pedido.GetEstadoActualPedidoTest" file="C:\xampp\htdocs\demo-proyecto-laravel\tests\Unit\pedido\GetEstadoActualPedidoTest.php" line="86" assertions="1" time="3.930637"/>
      </testsuite>
      <testsuite name="Tests\Unit\pedido\GetEstadoSiguientePedidoTest" file="C:\xampp\htdocs\demo-proyecto-laravel\tests\Unit\pedido\GetEstadoSiguientePedidoTest.php" tests="4" assertions="4" errors="0" failures="0" skipped="0" time="13.429762">
        <testcase name="testGetNextEstadoPedidoIsAprobar" class="Tests\Unit\pedido\GetEstadoSiguientePedidoTest" classname="Tests.Unit.pedido.GetEstadoSiguientePedidoTest" file="C:\xampp\htdocs\demo-proyecto-laravel\tests\Unit\pedido\GetEstadoSiguientePedidoTest.php" line="24" assertions="1" time="3.757937"/>
        <testcase name="testGetNextEstadoPedidoIsEjecutar" class="Tests\Unit\pedido\GetEstadoSiguientePedidoTest" classname="Tests.Unit.pedido.GetEstadoSiguientePedidoTest" file="C:\xampp\htdocs\demo-proyecto-laravel\tests\Unit\pedido\GetEstadoSiguientePedidoTest.php" line="36" assertions="1" time="3.405183"/>
        <testcase name="testGetNextEstadoPedidoIsAprobar2" class="Tests\Unit\pedido\GetEstadoSiguientePedidoTest" classname="Tests.Unit.pedido.GetEstadoSiguientePedidoTest" file="C:\xampp\htdocs\demo-proyecto-laravel\tests\Unit\pedido\GetEstadoSiguientePedidoTest.php" line="48" assertions="1" time="3.123387"/>
        <testcase name="testGetNextEstadoPedidoIsTerminar" class="Tests\Unit\pedido\GetEstadoSiguientePedidoTest" classname="Tests.Unit.pedido.GetEstadoSiguientePedidoTest" file="C:\xampp\htdocs\demo-proyecto-laravel\tests\Unit\pedido\GetEstadoSiguientePedidoTest.php" line="60" assertions="1" time="3.143255"/>
      </testsuite>
      <testsuite name="Tests\Unit\pedido\GetNewCodigoPedidoTest" file="C:\xampp\htdocs\demo-proyecto-laravel\tests\Unit\pedido\GetNewCodigoPedidoTest.php" tests="3" assertions="3" errors="0" failures="0" skipped="0" time="8.692998">
        <testcase name="testGetNewCodigoPedidoOneDigit" class="Tests\Unit\pedido\GetNewCodigoPedidoTest" classname="Tests.Unit.pedido.GetNewCodigoPedidoTest" file="C:\xampp\htdocs\demo-proyecto-laravel\tests\Unit\pedido\GetNewCodigoPedidoTest.php" line="17" assertions="1" time="2.772997"/>
        <testcase name="testGetNewCodigoPedidoThreeDigit" class="Tests\Unit\pedido\GetNewCodigoPedidoTest" classname="Tests.Unit.pedido.GetNewCodigoPedidoTest" file="C:\xampp\htdocs\demo-proyecto-laravel\tests\Unit\pedido\GetNewCodigoPedidoTest.php" line="30" assertions="1" time="2.904650"/>
        <testcase name="testGetNewCodigoPedidoSixDigit" class="Tests\Unit\pedido\GetNewCodigoPedidoTest" classname="Tests.Unit.pedido.GetNewCodigoPedidoTest" file="C:\xampp\htdocs\demo-proyecto-laravel\tests\Unit\pedido\GetNewCodigoPedidoTest.php" line="43" assertions="1" time="3.015351"/>
      </testsuite>
      <testsuite name="Tests\Unit\pedido\GetXEstadoPedidoTest" file="C:\xampp\htdocs\demo-proyecto-laravel\tests\Unit\pedido\GetXEstadoPedidoTest.php" tests="5" assertions="5" errors="0" failures="0" skipped="0" time="13.799551">
        <testcase name="testPedidoIsAprobed" class="Tests\Unit\pedido\GetXEstadoPedidoTest" classname="Tests.Unit.pedido.GetXEstadoPedidoTest" file="C:\xampp\htdocs\demo-proyecto-laravel\tests\Unit\pedido\GetXEstadoPedidoTest.php" line="17" assertions="1" time="2.685073"/>
        <testcase name="testPedidoIsRejected" class="Tests\Unit\pedido\GetXEstadoPedidoTest" classname="Tests.Unit.pedido.GetXEstadoPedidoTest" file="C:\xampp\htdocs\demo-proyecto-laravel\tests\Unit\pedido\GetXEstadoPedidoTest.php" line="29" assertions="1" time="2.941588"/>
        <testcase name="testPedidoIsEsperaInsumos" class="Tests\Unit\pedido\GetXEstadoPedidoTest" classname="Tests.Unit.pedido.GetXEstadoPedidoTest" file="C:\xampp\htdocs\demo-proyecto-laravel\tests\Unit\pedido\GetXEstadoPedidoTest.php" line="41" assertions="1" time="2.677287"/>
        <testcase name="testPedidoIsEjecucion" class="Tests\Unit\pedido\GetXEstadoPedidoTest" classname="Tests.Unit.pedido.GetXEstadoPedidoTest" file="C:\xampp\htdocs\demo-proyecto-laravel\tests\Unit\pedido\GetXEstadoPedidoTest.php" line="53" assertions="1" time="2.848074"/>
        <testcase name="testPedidoIsTerminado" class="Tests\Unit\pedido\GetXEstadoPedidoTest" classname="Tests.Unit.pedido.GetXEstadoPedidoTest" file="C:\xampp\htdocs\demo-proyecto-laravel\tests\Unit\pedido\GetXEstadoPedidoTest.php" line="65" assertions="1" time="2.647529"/>
      </testsuite>
      <testsuite name="Tests\Unit\producto\GetUnidadMedidaProductoTest" file="C:\xampp\htdocs\demo-proyecto-laravel\tests\Unit\producto\GetUnidadMedidaProductoTest.php" tests="2" assertions="2" errors="0" failures="0" skipped="0" time="7.694549">
        <testcase name="testGetUnidadMedidaProductoIsPulgadas" class="Tests\Unit\producto\GetUnidadMedidaProductoTest" classname="Tests.Unit.producto.GetUnidadMedidaProductoTest" file="C:\xampp\htdocs\demo-proyecto-laravel\tests\Unit\producto\GetUnidadMedidaProductoTest.php" line="21" assertions="1" time="3.310201"/>
        <testcase name="testGetUnidadMedidaProductoIsMetros" class="Tests\Unit\producto\GetUnidadMedidaProductoTest" classname="Tests.Unit.producto.GetUnidadMedidaProductoTest" file="C:\xampp\htdocs\demo-proyecto-laravel\tests\Unit\producto\GetUnidadMedidaProductoTest.php" line="34" assertions="1" time="4.384348"/>
      </testsuite>
    </testsuite>
    <testsuite name="Feature" tests="34" assertions="125" errors="0" failures="0" skipped="0" time="191.701952">
      <testsuite name="Tests\Feature\UserCanComprarInsumosTest" file="C:\xampp\htdocs\demo-proyecto-laravel\tests\Feature\UserCanComprarInsumosTest.php" tests="4" assertions="15" errors="0" failures="0" skipped="0" time="20.573392">
        <testcase name="testUseCanSeeSolicitudesCompraInsumos" class="Tests\Feature\UserCanComprarInsumosTest" classname="Tests.Feature.UserCanComprarInsumosTest" file="C:\xampp\htdocs\demo-proyecto-laravel\tests\Feature\UserCanComprarInsumosTest.php" line="22" assertions="3" time="6.543371"/>
        <testcase name="testUseCanRejectSolicitud" class="Tests\Feature\UserCanComprarInsumosTest" classname="Tests.Feature.UserCanComprarInsumosTest" file="C:\xampp\htdocs\demo-proyecto-laravel\tests\Feature\UserCanComprarInsumosTest.php" line="36" assertions="4" time="6.332779"/>
        <testcase name="testUseCanApproveSolicitud" class="Tests\Feature\UserCanComprarInsumosTest" classname="Tests.Feature.UserCanComprarInsumosTest" file="C:\xampp\htdocs\demo-proyecto-laravel\tests\Feature\UserCanComprarInsumosTest.php" line="55" assertions="4" time="3.702575"/>
        <testcase name="testUseCanRegisterCompra" class="Tests\Feature\UserCanComprarInsumosTest" classname="Tests.Feature.UserCanComprarInsumosTest" file="C:\xampp\htdocs\demo-proyecto-laravel\tests\Feature\UserCanComprarInsumosTest.php" line="74" assertions="4" time="3.994667"/>
      </testsuite>
      <testsuite name="Tests\Feature\UserCanMainteinCategoryTest" file="C:\xampp\htdocs\demo-proyecto-laravel\tests\Feature\UserCanManteinCategoryTest.php" tests="6" assertions="21" errors="0" failures="0" skipped="0" time="24.798990">
        <testcase name="UserLoadsCategoryList" class="Tests\Feature\UserCanMainteinCategoryTest" classname="Tests.Feature.UserCanMainteinCategoryTest" file="C:\xampp\htdocs\demo-proyecto-laravel\tests\Feature\UserCanManteinCategoryTest.php" line="24" assertions="3" time="6.240687"/>
        <testcase name="UserCanCreateCategory" class="Tests\Feature\UserCanMainteinCategoryTest" classname="Tests.Feature.UserCanMainteinCategoryTest" file="C:\xampp\htdocs\demo-proyecto-laravel\tests\Feature\UserCanManteinCategoryTest.php" line="39" assertions="4" time="3.388853"/>
        <testcase name="UserCanEditCategory" class="Tests\Feature\UserCanMainteinCategoryTest" classname="Tests.Feature.UserCanMainteinCategoryTest" file="C:\xampp\htdocs\demo-proyecto-laravel\tests\Feature\UserCanManteinCategoryTest.php" line="54" assertions="2" time="4.638614"/>
        <testcase name="UserCanUpdateCategory" class="Tests\Feature\UserCanMainteinCategoryTest" classname="Tests.Feature.UserCanMainteinCategoryTest" file="C:\xampp\htdocs\demo-proyecto-laravel\tests\Feature\UserCanManteinCategoryTest.php" line="70" assertions="4" time="3.951791"/>
        <testcase name="UserCantDeleteCategoryWithProducts" class="Tests\Feature\UserCanMainteinCategoryTest" classname="Tests.Feature.UserCanMainteinCategoryTest" file="C:\xampp\htdocs\demo-proyecto-laravel\tests\Feature\UserCanManteinCategoryTest.php" line="87" assertions="4" time="3.197272"/>
        <testcase name="UserCanDeleteCategory" class="Tests\Feature\UserCanMainteinCategoryTest" classname="Tests.Feature.UserCanMainteinCategoryTest" file="C:\xampp\htdocs\demo-proyecto-laravel\tests\Feature\UserCanManteinCategoryTest.php" line="102" assertions="4" time="3.381773"/>
      </testsuite>
      <testsuite name="Tests\Feature\UserCanManteinPedidoTest" file="C:\xampp\htdocs\demo-proyecto-laravel\tests\Feature\UserCanManteinPedidoTest.php" tests="5" assertions="18" errors="0" failures="0" skipped="0" time="29.036612">
        <testcase name="UserLoadsOrderList" class="Tests\Feature\UserCanManteinPedidoTest" classname="Tests.Feature.UserCanManteinPedidoTest" file="C:\xampp\htdocs\demo-proyecto-laravel\tests\Feature\UserCanManteinPedidoTest.php" line="25" assertions="3" time="5.200618"/>
        <testcase name="UserCanCreateOrder" class="Tests\Feature\UserCanManteinPedidoTest" classname="Tests.Feature.UserCanManteinPedidoTest" file="C:\xampp\htdocs\demo-proyecto-laravel\tests\Feature\UserCanManteinPedidoTest.php" line="41" assertions="4" time="4.798587"/>
        <testcase name="UserCanEditOrder" class="Tests\Feature\UserCanManteinPedidoTest" classname="Tests.Feature.UserCanManteinPedidoTest" file="C:\xampp\htdocs\demo-proyecto-laravel\tests\Feature\UserCanManteinPedidoTest.php" line="56" assertions="3" time="4.722934"/>
        <testcase name="UserCanUpdateOrder" class="Tests\Feature\UserCanManteinPedidoTest" classname="Tests.Feature.UserCanManteinPedidoTest" file="C:\xampp\htdocs\demo-proyecto-laravel\tests\Feature\UserCanManteinPedidoTest.php" line="72" assertions="4" time="4.220590"/>
        <testcase name="UserCantDeleteOrder" class="Tests\Feature\UserCanManteinPedidoTest" classname="Tests.Feature.UserCanManteinPedidoTest" file="C:\xampp\htdocs\demo-proyecto-laravel\tests\Feature\UserCanManteinPedidoTest.php" line="88" assertions="4" time="10.093883"/>
      </testsuite>
      <testsuite name="Tests\Feature\UserCanManteinProductoTest" file="C:\xampp\htdocs\demo-proyecto-laravel\tests\Feature\UserCanManteinProductoTest.php" tests="5" assertions="21" errors="0" failures="0" skipped="0" time="34.975120">
        <testcase name="UserLoadsProducList" class="Tests\Feature\UserCanManteinProductoTest" classname="Tests.Feature.UserCanManteinProductoTest" file="C:\xampp\htdocs\demo-proyecto-laravel\tests\Feature\UserCanManteinProductoTest.php" line="25" assertions="3" time="10.048958"/>
        <testcase name="UserCanCreateProduct" class="Tests\Feature\UserCanManteinProductoTest" classname="Tests.Feature.UserCanManteinProductoTest" file="C:\xampp\htdocs\demo-proyecto-laravel\tests\Feature\UserCanManteinProductoTest.php" line="41" assertions="4" time="5.629412"/>
        <testcase name="UserCanEditProduct" class="Tests\Feature\UserCanManteinProductoTest" classname="Tests.Feature.UserCanManteinProductoTest" file="C:\xampp\htdocs\demo-proyecto-laravel\tests\Feature\UserCanManteinProductoTest.php" line="57" assertions="6" time="6.469379"/>
        <testcase name="UserCanUpdateProduct" class="Tests\Feature\UserCanManteinProductoTest" classname="Tests.Feature.UserCanManteinProductoTest" file="C:\xampp\htdocs\demo-proyecto-laravel\tests\Feature\UserCanManteinProductoTest.php" line="73" assertions="4" time="6.513318"/>
        <testcase name="UserCanDeleteProduct" class="Tests\Feature\UserCanManteinProductoTest" classname="Tests.Feature.UserCanManteinProductoTest" file="C:\xampp\htdocs\demo-proyecto-laravel\tests\Feature\UserCanManteinProductoTest.php" line="89" assertions="4" time="6.314053"/>
      </testsuite>
      <testsuite name="Tests\Feature\UserCanManteinProveedorTest" file="C:\xampp\htdocs\demo-proyecto-laravel\tests\Feature\UserCanManteinProveedorTest.php" tests="6" assertions="21" errors="0" failures="0" skipped="0" time="34.926757">
        <testcase name="UserLoadsProviderList" class="Tests\Feature\UserCanManteinProveedorTest" classname="Tests.Feature.UserCanManteinProveedorTest" file="C:\xampp\htdocs\demo-proyecto-laravel\tests\Feature\UserCanManteinProveedorTest.php" line="24" assertions="3" time="8.521972"/>
        <testcase name="UserCanCreateProvider" class="Tests\Feature\UserCanManteinProveedorTest" classname="Tests.Feature.UserCanManteinProveedorTest" file="C:\xampp\htdocs\demo-proyecto-laravel\tests\Feature\UserCanManteinProveedorTest.php" line="39" assertions="4" time="6.131264"/>
        <testcase name="UserCanEditProvider" class="Tests\Feature\UserCanManteinProveedorTest" classname="Tests.Feature.UserCanManteinProveedorTest" file="C:\xampp\htdocs\demo-proyecto-laravel\tests\Feature\UserCanManteinProveedorTest.php" line="54" assertions="2" time="4.512201"/>
        <testcase name="UserCanUpdateProvider" class="Tests\Feature\UserCanManteinProveedorTest" classname="Tests.Feature.UserCanManteinProveedorTest" file="C:\xampp\htdocs\demo-proyecto-laravel\tests\Feature\UserCanManteinProveedorTest.php" line="71" assertions="4" time="6.623358"/>
        <testcase name="UserCantDeleteProviderWithSupplies" class="Tests\Feature\UserCanManteinProveedorTest" classname="Tests.Feature.UserCanManteinProveedorTest" file="C:\xampp\htdocs\demo-proyecto-laravel\tests\Feature\UserCanManteinProveedorTest.php" line="87" assertions="4" time="4.494734"/>
        <testcase name="UserCantDeleteProvider" class="Tests\Feature\UserCanManteinProveedorTest" classname="Tests.Feature.UserCanManteinProveedorTest" file="C:\xampp\htdocs\demo-proyecto-laravel\tests\Feature\UserCanManteinProveedorTest.php" line="102" assertions="4" time="4.643228"/>
      </testsuite>
      <testsuite name="Tests\Feature\UserCanRevisarPedidoTest" file="C:\xampp\htdocs\demo-proyecto-laravel\tests\Feature\UserCanRevisarPedidoTest.php" tests="3" assertions="11" errors="0" failures="0" skipped="0" time="16.397089">
        <testcase name="testUserCanSeeEvaluarPedidos" class="Tests\Feature\UserCanRevisarPedidoTest" classname="Tests.Feature.UserCanRevisarPedidoTest" file="C:\xampp\htdocs\demo-proyecto-laravel\tests\Feature\UserCanRevisarPedidoTest.php" line="23" assertions="3" time="5.683244"/>
        <testcase name="testUserCanApprovePedido" class="Tests\Feature\UserCanRevisarPedidoTest" classname="Tests.Feature.UserCanRevisarPedidoTest" file="C:\xampp\htdocs\demo-proyecto-laravel\tests\Feature\UserCanRevisarPedidoTest.php" line="36" assertions="4" time="5.090901"/>
        <testcase name="testUserCanRejectPedido" class="Tests\Feature\UserCanRevisarPedidoTest" classname="Tests.Feature.UserCanRevisarPedidoTest" file="C:\xampp\htdocs\demo-proyecto-laravel\tests\Feature\UserCanRevisarPedidoTest.php" line="51" assertions="4" time="5.622944"/>
      </testsuite>
      <testsuite name="Tests\Feature\UserCanSeeDashBoardTest" file="C:\xampp\htdocs\demo-proyecto-laravel\tests\Feature\UserCanSeeDashBoardTest.php" tests="1" assertions="3" errors="0" failures="0" skipped="0" time="6.936837">
        <testcase name="testUserCanSeeDashBoard" class="Tests\Feature\UserCanSeeDashBoardTest" classname="Tests.Feature.UserCanSeeDashBoardTest" file="C:\xampp\htdocs\demo-proyecto-laravel\tests\Feature\UserCanSeeDashBoardTest.php" line="17" assertions="3" time="6.936837"/>
      </testsuite>
      <testsuite name="Tests\Feature\UserCanSeguirPedidoTest" file="C:\xampp\htdocs\demo-proyecto-laravel\tests\Feature\UserCanSeguirPedidoTest.php" tests="4" assertions="15" errors="0" failures="0" skipped="0" time="24.057155">
        <testcase name="testUserCanSeeEvaluarPedidos" class="Tests\Feature\UserCanSeguirPedidoTest" classname="Tests.Feature.UserCanSeguirPedidoTest" file="C:\xampp\htdocs\demo-proyecto-laravel\tests\Feature\UserCanSeguirPedidoTest.php" line="23" assertions="3" time="6.295588"/>
        <testcase name="testUserCanApprovePedido" class="Tests\Feature\UserCanSeguirPedidoTest" classname="Tests.Feature.UserCanSeguirPedidoTest" file="C:\xampp\htdocs\demo-proyecto-laravel\tests\Feature\UserCanSeguirPedidoTest.php" line="36" assertions="4" time="5.930847"/>
        <testcase name="testUserCanExecutePedido" class="Tests\Feature\UserCanSeguirPedidoTest" classname="Tests.Feature.UserCanSeguirPedidoTest" file="C:\xampp\htdocs\demo-proyecto-laravel\tests\Feature\UserCanSeguirPedidoTest.php" line="51" assertions="4" time="5.012029"/>
        <testcase name="testUserCanFinishPedido" class="Tests\Feature\UserCanSeguirPedidoTest" classname="Tests.Feature.UserCanSeguirPedidoTest" file="C:\xampp\htdocs\demo-proyecto-laravel\tests\Feature\UserCanSeguirPedidoTest.php" line="66" assertions="4" time="6.818691"/>
      </testsuite>
    </testsuite>
  </testsuite>
</testsuites>
