<?xml version="1.0" encoding="UTF-8"?>
<testsuites>
  <testsuite name="" tests="30" assertions="89" errors="0" failures="0" skipped="0" time="95.898942">
    <testsuite name="Unit" tests="8" assertions="8" errors="0" failures="0" skipped="0" time="18.032820">
      <testsuite name="Tests\Unit\GetEstadoSolicitudTest" file="D:\Ciclo 9\Calidad y pruebas\sonar-scanner-4.4.0.2170-windows\bin\sigepe\tests\Unit\insumo\GetEstadoSolicitudTest.php" tests="2" assertions="2" errors="0" failures="0" skipped="0" time="5.202390">
        <testcase name="testGetEstadoSolicitudInsumoIsAprobado" class="Tests\Unit\GetEstadoSolicitudTest" classname="Tests.Unit.GetEstadoSolicitudTest" file="D:\Ciclo 9\Calidad y pruebas\sonar-scanner-4.4.0.2170-windows\bin\sigepe\tests\Unit\insumo\GetEstadoSolicitudTest.php" line="18" assertions="1" time="2.850649"/>
        <testcase name="testGetEstadoSolicitudInsumoSinSolicitud" class="Tests\Unit\GetEstadoSolicitudTest" classname="Tests.Unit.GetEstadoSolicitudTest" file="D:\Ciclo 9\Calidad y pruebas\sonar-scanner-4.4.0.2170-windows\bin\sigepe\tests\Unit\insumo\GetEstadoSolicitudTest.php" line="41" assertions="1" time="2.351741"/>
      </testsuite>
      <testsuite name="Tests\Unit\insumo\GetMontoSolicitadoTest" file="D:\Ciclo 9\Calidad y pruebas\sonar-scanner-4.4.0.2170-windows\bin\sigepe\tests\Unit\insumo\GetMontoSolicitadoTest.php" tests="1" assertions="1" errors="0" failures="0" skipped="0" time="2.013296">
        <testcase name="testGetMontoSolicitado" class="Tests\Unit\insumo\GetMontoSolicitadoTest" classname="Tests.Unit.insumo.GetMontoSolicitadoTest" file="D:\Ciclo 9\Calidad y pruebas\sonar-scanner-4.4.0.2170-windows\bin\sigepe\tests\Unit\insumo\GetMontoSolicitadoTest.php" line="18" assertions="1" time="2.013296"/>
      </testsuite>
      <testsuite name="Tests\Unit\insumo\GetProductosByInsumoTest" file="D:\Ciclo 9\Calidad y pruebas\sonar-scanner-4.4.0.2170-windows\bin\sigepe\tests\Unit\insumo\GetProductosByInsumoTest.php" tests="1" assertions="1" errors="0" failures="0" skipped="0" time="1.975448">
        <testcase name="testGetProductsByInsumo" class="Tests\Unit\insumo\GetProductosByInsumoTest" classname="Tests.Unit.insumo.GetProductosByInsumoTest" file="D:\Ciclo 9\Calidad y pruebas\sonar-scanner-4.4.0.2170-windows\bin\sigepe\tests\Unit\insumo\GetProductosByInsumoTest.php" line="17" assertions="1" time="1.975448"/>
      </testsuite>
      <testsuite name="Tests\Unit\GetUnidadMedidaInsumodTest" file="D:\Ciclo 9\Calidad y pruebas\sonar-scanner-4.4.0.2170-windows\bin\sigepe\tests\Unit\insumo\GetUnidadMedidaInsumodTest.php" tests="4" assertions="4" errors="0" failures="0" skipped="0" time="8.841686">
        <testcase name="testGetUnidadMedidaInsumoIsUnidad" class="Tests\Unit\GetUnidadMedidaInsumodTest" classname="Tests.Unit.GetUnidadMedidaInsumodTest" file="D:\Ciclo 9\Calidad y pruebas\sonar-scanner-4.4.0.2170-windows\bin\sigepe\tests\Unit\insumo\GetUnidadMedidaInsumodTest.php" line="17" assertions="1" time="2.025311"/>
        <testcase name="testGetUnidadMedidaInsumoIsToneladas" class="Tests\Unit\GetUnidadMedidaInsumodTest" classname="Tests.Unit.GetUnidadMedidaInsumodTest" file="D:\Ciclo 9\Calidad y pruebas\sonar-scanner-4.4.0.2170-windows\bin\sigepe\tests\Unit\insumo\GetUnidadMedidaInsumodTest.php" line="32" assertions="1" time="2.348064"/>
        <testcase name="testGetUnidadMedidaInsumoIsPulgadas" class="Tests\Unit\GetUnidadMedidaInsumodTest" classname="Tests.Unit.GetUnidadMedidaInsumodTest" file="D:\Ciclo 9\Calidad y pruebas\sonar-scanner-4.4.0.2170-windows\bin\sigepe\tests\Unit\insumo\GetUnidadMedidaInsumodTest.php" line="47" assertions="1" time="2.293369"/>
        <testcase name="testGetUnidadMedidaInsumoIsMetros" class="Tests\Unit\GetUnidadMedidaInsumodTest" classname="Tests.Unit.GetUnidadMedidaInsumodTest" file="D:\Ciclo 9\Calidad y pruebas\sonar-scanner-4.4.0.2170-windows\bin\sigepe\tests\Unit\insumo\GetUnidadMedidaInsumodTest.php" line="62" assertions="1" time="2.174942"/>
      </testsuite>
    </testsuite>
    <testsuite name="Feature" tests="22" assertions="81" errors="0" failures="0" skipped="0" time="77.866122">
      <testsuite name="Tests\Feature\UserCanMainteinCategoryTest" file="D:\Ciclo 9\Calidad y pruebas\sonar-scanner-4.4.0.2170-windows\bin\sigepe\tests\Feature\UserCanManteinCategoryTest.php" tests="6" assertions="21" errors="0" failures="0" skipped="0" time="18.430270">
        <testcase name="UserLoadsCategoryList" class="Tests\Feature\UserCanMainteinCategoryTest" classname="Tests.Feature.UserCanMainteinCategoryTest" file="D:\Ciclo 9\Calidad y pruebas\sonar-scanner-4.4.0.2170-windows\bin\sigepe\tests\Feature\UserCanManteinCategoryTest.php" line="23" assertions="3" time="4.663419"/>
        <testcase name="UserCanCreateCategory" class="Tests\Feature\UserCanMainteinCategoryTest" classname="Tests.Feature.UserCanMainteinCategoryTest" file="D:\Ciclo 9\Calidad y pruebas\sonar-scanner-4.4.0.2170-windows\bin\sigepe\tests\Feature\UserCanManteinCategoryTest.php" line="38" assertions="4" time="2.775927"/>
        <testcase name="UserCanEditCategory" class="Tests\Feature\UserCanMainteinCategoryTest" classname="Tests.Feature.UserCanMainteinCategoryTest" file="D:\Ciclo 9\Calidad y pruebas\sonar-scanner-4.4.0.2170-windows\bin\sigepe\tests\Feature\UserCanManteinCategoryTest.php" line="53" assertions="2" time="2.670431"/>
        <testcase name="UserCanUpdateCategory" class="Tests\Feature\UserCanMainteinCategoryTest" classname="Tests.Feature.UserCanMainteinCategoryTest" file="D:\Ciclo 9\Calidad y pruebas\sonar-scanner-4.4.0.2170-windows\bin\sigepe\tests\Feature\UserCanManteinCategoryTest.php" line="69" assertions="4" time="2.819983"/>
        <testcase name="UserCantDeleteCategoryWithProducts" class="Tests\Feature\UserCanMainteinCategoryTest" classname="Tests.Feature.UserCanMainteinCategoryTest" file="D:\Ciclo 9\Calidad y pruebas\sonar-scanner-4.4.0.2170-windows\bin\sigepe\tests\Feature\UserCanManteinCategoryTest.php" line="86" assertions="4" time="2.574965"/>
        <testcase name="UserCanDeleteCategory" class="Tests\Feature\UserCanMainteinCategoryTest" classname="Tests.Feature.UserCanMainteinCategoryTest" file="D:\Ciclo 9\Calidad y pruebas\sonar-scanner-4.4.0.2170-windows\bin\sigepe\tests\Feature\UserCanManteinCategoryTest.php" line="101" assertions="4" time="2.925545"/>
      </testsuite>
      <testsuite name="Tests\Feature\UserCanManteinPedidoTest" file="D:\Ciclo 9\Calidad y pruebas\sonar-scanner-4.4.0.2170-windows\bin\sigepe\tests\Feature\UserCanManteinPedidoTest.php" tests="5" assertions="18" errors="0" failures="0" skipped="0" time="21.671863">
        <testcase name="UserLoadsOrderList" class="Tests\Feature\UserCanManteinPedidoTest" classname="Tests.Feature.UserCanManteinPedidoTest" file="D:\Ciclo 9\Calidad y pruebas\sonar-scanner-4.4.0.2170-windows\bin\sigepe\tests\Feature\UserCanManteinPedidoTest.php" line="25" assertions="3" time="3.851051"/>
        <testcase name="UserCanCreateOrder" class="Tests\Feature\UserCanManteinPedidoTest" classname="Tests.Feature.UserCanManteinPedidoTest" file="D:\Ciclo 9\Calidad y pruebas\sonar-scanner-4.4.0.2170-windows\bin\sigepe\tests\Feature\UserCanManteinPedidoTest.php" line="41" assertions="4" time="4.523273"/>
        <testcase name="UserCanEditOrder" class="Tests\Feature\UserCanManteinPedidoTest" classname="Tests.Feature.UserCanManteinPedidoTest" file="D:\Ciclo 9\Calidad y pruebas\sonar-scanner-4.4.0.2170-windows\bin\sigepe\tests\Feature\UserCanManteinPedidoTest.php" line="56" assertions="3" time="5.246567"/>
        <testcase name="UserCanUpdateOrder" class="Tests\Feature\UserCanManteinPedidoTest" classname="Tests.Feature.UserCanManteinPedidoTest" file="D:\Ciclo 9\Calidad y pruebas\sonar-scanner-4.4.0.2170-windows\bin\sigepe\tests\Feature\UserCanManteinPedidoTest.php" line="72" assertions="4" time="4.724357"/>
        <testcase name="UserCantDeleteOrder" class="Tests\Feature\UserCanManteinPedidoTest" classname="Tests.Feature.UserCanManteinPedidoTest" file="D:\Ciclo 9\Calidad y pruebas\sonar-scanner-4.4.0.2170-windows\bin\sigepe\tests\Feature\UserCanManteinPedidoTest.php" line="88" assertions="4" time="3.326615"/>
      </testsuite>
      <testsuite name="Tests\Feature\UserCanManteinProductoTest" file="D:\Ciclo 9\Calidad y pruebas\sonar-scanner-4.4.0.2170-windows\bin\sigepe\tests\Feature\UserCanManteinProductoTest.php" tests="5" assertions="21" errors="0" failures="0" skipped="0" time="19.658332">
        <testcase name="UserLoadsProducList" class="Tests\Feature\UserCanManteinProductoTest" classname="Tests.Feature.UserCanManteinProductoTest" file="D:\Ciclo 9\Calidad y pruebas\sonar-scanner-4.4.0.2170-windows\bin\sigepe\tests\Feature\UserCanManteinProductoTest.php" line="25" assertions="3" time="6.494107"/>
        <testcase name="UserCanCreateProduct" class="Tests\Feature\UserCanManteinProductoTest" classname="Tests.Feature.UserCanManteinProductoTest" file="D:\Ciclo 9\Calidad y pruebas\sonar-scanner-4.4.0.2170-windows\bin\sigepe\tests\Feature\UserCanManteinProductoTest.php" line="41" assertions="4" time="3.284288"/>
        <testcase name="UserCanEditProduct" class="Tests\Feature\UserCanManteinProductoTest" classname="Tests.Feature.UserCanManteinProductoTest" file="D:\Ciclo 9\Calidad y pruebas\sonar-scanner-4.4.0.2170-windows\bin\sigepe\tests\Feature\UserCanManteinProductoTest.php" line="57" assertions="6" time="4.199183"/>
        <testcase name="UserCanUpdateProduct" class="Tests\Feature\UserCanManteinProductoTest" classname="Tests.Feature.UserCanManteinProductoTest" file="D:\Ciclo 9\Calidad y pruebas\sonar-scanner-4.4.0.2170-windows\bin\sigepe\tests\Feature\UserCanManteinProductoTest.php" line="73" assertions="4" time="2.899526"/>
        <testcase name="UserCanDeleteProduct" class="Tests\Feature\UserCanManteinProductoTest" classname="Tests.Feature.UserCanManteinProductoTest" file="D:\Ciclo 9\Calidad y pruebas\sonar-scanner-4.4.0.2170-windows\bin\sigepe\tests\Feature\UserCanManteinProductoTest.php" line="89" assertions="4" time="2.781228"/>
      </testsuite>
      <testsuite name="Tests\Feature\UserCanManteinProveedorTest" file="D:\Ciclo 9\Calidad y pruebas\sonar-scanner-4.4.0.2170-windows\bin\sigepe\tests\Feature\UserCanManteinProveedorTest.php" tests="6" assertions="21" errors="0" failures="0" skipped="0" time="18.105657">
        <testcase name="UserLoadsProviderList" class="Tests\Feature\UserCanManteinProveedorTest" classname="Tests.Feature.UserCanManteinProveedorTest" file="D:\Ciclo 9\Calidad y pruebas\sonar-scanner-4.4.0.2170-windows\bin\sigepe\tests\Feature\UserCanManteinProveedorTest.php" line="24" assertions="3" time="3.548291"/>
        <testcase name="UserCanCreateProvider" class="Tests\Feature\UserCanManteinProveedorTest" classname="Tests.Feature.UserCanManteinProveedorTest" file="D:\Ciclo 9\Calidad y pruebas\sonar-scanner-4.4.0.2170-windows\bin\sigepe\tests\Feature\UserCanManteinProveedorTest.php" line="40" assertions="4" time="3.001411"/>
        <testcase name="UserCanEditProvider" class="Tests\Feature\UserCanManteinProveedorTest" classname="Tests.Feature.UserCanManteinProveedorTest" file="D:\Ciclo 9\Calidad y pruebas\sonar-scanner-4.4.0.2170-windows\bin\sigepe\tests\Feature\UserCanManteinProveedorTest.php" line="55" assertions="2" time="2.547950"/>
        <testcase name="UserCanUpdateProvider" class="Tests\Feature\UserCanManteinProveedorTest" classname="Tests.Feature.UserCanManteinProveedorTest" file="D:\Ciclo 9\Calidad y pruebas\sonar-scanner-4.4.0.2170-windows\bin\sigepe\tests\Feature\UserCanManteinProveedorTest.php" line="72" assertions="4" time="3.297926"/>
        <testcase name="UserCantDeleteProviderWithSupplies" class="Tests\Feature\UserCanManteinProveedorTest" classname="Tests.Feature.UserCanManteinProveedorTest" file="D:\Ciclo 9\Calidad y pruebas\sonar-scanner-4.4.0.2170-windows\bin\sigepe\tests\Feature\UserCanManteinProveedorTest.php" line="88" assertions="4" time="2.713301"/>
        <testcase name="UserCantDeleteProvider" class="Tests\Feature\UserCanManteinProveedorTest" classname="Tests.Feature.UserCanManteinProveedorTest" file="D:\Ciclo 9\Calidad y pruebas\sonar-scanner-4.4.0.2170-windows\bin\sigepe\tests\Feature\UserCanManteinProveedorTest.php" line="104" assertions="4" time="2.996778"/>
      </testsuite>
    </testsuite>
  </testsuite>
</testsuites>
