<?xml version="1.0" encoding="UTF-8"?>
<testsuites>
  <testsuite name="" tests="64" assertions="155" errors="0" failures="0" skipped="0" time="332.647822">
    <testsuite name="Unit" tests="30" assertions="30" errors="0" failures="0" skipped="0" time="160.998778">
      <testsuite name="Tests\Unit\GetEstadoSolicitudTest" file="C:\xampp\htdocs\demo-proyecto-laravel\tests\Unit\insumo\GetEstadoSolicitudTest.php" tests="2" assertions="2" errors="0" failures="0" skipped="0" time="18.992900">
        <testcase name="testGetEstadoSolicitudInsumoIsAprobado" class="Tests\Unit\GetEstadoSolicitudTest" classname="Tests.Unit.GetEstadoSolicitudTest" file="C:\xampp\htdocs\demo-proyecto-laravel\tests\Unit\insumo\GetEstadoSolicitudTest.php" line="18" assertions="1" time="14.597076"/>
        <testcase name="testGetEstadoSolicitudInsumoSinSolicitud" class="Tests\Unit\GetEstadoSolicitudTest" classname="Tests.Unit.GetEstadoSolicitudTest" file="C:\xampp\htdocs\demo-proyecto-laravel\tests\Unit\insumo\GetEstadoSolicitudTest.php" line="41" assertions="1" time="4.395824"/>
      </testsuite>
      <testsuite name="Tests\Unit\insumo\GetModelByInsumoTest" file="C:\xampp\htdocs\demo-proyecto-laravel\tests\Unit\insumo\GetModelByInsumoTest.php" tests="3" assertions="3" errors="0" failures="0" skipped="0" time="10.250605">
        <testcase name="testGetProductsByInsumo" class="Tests\Unit\insumo\GetModelByInsumoTest" classname="Tests.Unit.insumo.GetModelByInsumoTest" file="C:\xampp\htdocs\demo-proyecto-laravel\tests\Unit\insumo\GetModelByInsumoTest.php" line="18" assertions="1" time="3.251211"/>
        <testcase name="testGetProveedoresByInsumo" class="Tests\Unit\insumo\GetModelByInsumoTest" classname="Tests.Unit.insumo.GetModelByInsumoTest" file="C:\xampp\htdocs\demo-proyecto-laravel\tests\Unit\insumo\GetModelByInsumoTest.php" line="33" assertions="1" time="3.216052"/>
        <testcase name="testGetPivotByInsumo" class="Tests\Unit\insumo\GetModelByInsumoTest" classname="Tests.Unit.insumo.GetModelByInsumoTest" file="C:\xampp\htdocs\demo-proyecto-laravel\tests\Unit\insumo\GetModelByInsumoTest.php" line="48" assertions="1" time="3.783342"/>
      </testsuite>
      <testsuite name="Tests\Unit\insumo\GetMontoSolicitadoTest" file="C:\xampp\htdocs\demo-proyecto-laravel\tests\Unit\insumo\GetMontoSolicitadoTest.php" tests="1" assertions="1" errors="0" failures="0" skipped="0" time="3.481996">
        <testcase name="testGetMontoSolicitado" class="Tests\Unit\insumo\GetMontoSolicitadoTest" classname="Tests.Unit.insumo.GetMontoSolicitadoTest" file="C:\xampp\htdocs\demo-proyecto-laravel\tests\Unit\insumo\GetMontoSolicitadoTest.php" line="18" assertions="1" time="3.481996"/>
      </testsuite>
      <testsuite name="Tests\Unit\GetUnidadMedidaInsumodTest" file="C:\xampp\htdocs\demo-proyecto-laravel\tests\Unit\insumo\GetUnidadMedidaInsumodTest.php" tests="4" assertions="4" errors="0" failures="0" skipped="0" time="17.882499">
        <testcase name="testGetUnidadMedidaInsumoIsUnidad" class="Tests\Unit\GetUnidadMedidaInsumodTest" classname="Tests.Unit.GetUnidadMedidaInsumodTest" file="C:\xampp\htdocs\demo-proyecto-laravel\tests\Unit\insumo\GetUnidadMedidaInsumodTest.php" line="17" assertions="1" time="3.349922"/>
        <testcase name="testGetUnidadMedidaInsumoIsToneladas" class="Tests\Unit\GetUnidadMedidaInsumodTest" classname="Tests.Unit.GetUnidadMedidaInsumodTest" file="C:\xampp\htdocs\demo-proyecto-laravel\tests\Unit\insumo\GetUnidadMedidaInsumodTest.php" line="29" assertions="1" time="4.392695"/>
        <testcase name="testGetUnidadMedidaInsumoIsPulgadas" class="Tests\Unit\GetUnidadMedidaInsumodTest" classname="Tests.Unit.GetUnidadMedidaInsumodTest" file="C:\xampp\htdocs\demo-proyecto-laravel\tests\Unit\insumo\GetUnidadMedidaInsumodTest.php" line="41" assertions="1" time="4.755486"/>
        <testcase name="testGetUnidadMedidaInsumoIsMetros" class="Tests\Unit\GetUnidadMedidaInsumodTest" classname="Tests.Unit.GetUnidadMedidaInsumodTest" file="C:\xampp\htdocs\demo-proyecto-laravel\tests\Unit\insumo\GetUnidadMedidaInsumodTest.php" line="53" assertions="1" time="5.384396"/>
      </testsuite>
      <testsuite name="Tests\Unit\pedido\GetEstadoActualPedidoTest" file="C:\xampp\htdocs\demo-proyecto-laravel\tests\Unit\pedido\GetEstadoActualPedidoTest.php" tests="6" assertions="6" errors="0" failures="0" skipped="0" time="43.568599">
        <testcase name="testGetEstadoPedidoIsEnEspera" class="Tests\Unit\pedido\GetEstadoActualPedidoTest" classname="Tests.Unit.pedido.GetEstadoActualPedidoTest" file="C:\xampp\htdocs\demo-proyecto-laravel\tests\Unit\pedido\GetEstadoActualPedidoTest.php" line="27" assertions="1" time="8.409651"/>
        <testcase name="testGetEstadoPedidoIsAprobado" class="Tests\Unit\pedido\GetEstadoActualPedidoTest" classname="Tests.Unit.pedido.GetEstadoActualPedidoTest" file="C:\xampp\htdocs\demo-proyecto-laravel\tests\Unit\pedido\GetEstadoActualPedidoTest.php" line="39" assertions="1" time="6.917593"/>
        <testcase name="testGetEstadoPedidoIsRechazado" class="Tests\Unit\pedido\GetEstadoActualPedidoTest" classname="Tests.Unit.pedido.GetEstadoActualPedidoTest" file="C:\xampp\htdocs\demo-proyecto-laravel\tests\Unit\pedido\GetEstadoActualPedidoTest.php" line="51" assertions="1" time="7.232693"/>
        <testcase name="testGetEstadoPedidoIsEsperando" class="Tests\Unit\pedido\GetEstadoActualPedidoTest" classname="Tests.Unit.pedido.GetEstadoActualPedidoTest" file="C:\xampp\htdocs\demo-proyecto-laravel\tests\Unit\pedido\GetEstadoActualPedidoTest.php" line="63" assertions="1" time="7.418750"/>
        <testcase name="testGetEstadoPedidoIsEnEjecucion" class="Tests\Unit\pedido\GetEstadoActualPedidoTest" classname="Tests.Unit.pedido.GetEstadoActualPedidoTest" file="C:\xampp\htdocs\demo-proyecto-laravel\tests\Unit\pedido\GetEstadoActualPedidoTest.php" line="74" assertions="1" time="7.156790"/>
        <testcase name="testGetEstadoPedidoIsEnTerminado" class="Tests\Unit\pedido\GetEstadoActualPedidoTest" classname="Tests.Unit.pedido.GetEstadoActualPedidoTest" file="C:\xampp\htdocs\demo-proyecto-laravel\tests\Unit\pedido\GetEstadoActualPedidoTest.php" line="86" assertions="1" time="6.433122"/>
      </testsuite>
      <testsuite name="Tests\Unit\pedido\GetEstadoSiguientePedidoTest" file="C:\xampp\htdocs\demo-proyecto-laravel\tests\Unit\pedido\GetEstadoSiguientePedidoTest.php" tests="4" assertions="4" errors="0" failures="0" skipped="0" time="22.029560">
        <testcase name="testGetNextEstadoPedidoIsAprobar" class="Tests\Unit\pedido\GetEstadoSiguientePedidoTest" classname="Tests.Unit.pedido.GetEstadoSiguientePedidoTest" file="C:\xampp\htdocs\demo-proyecto-laravel\tests\Unit\pedido\GetEstadoSiguientePedidoTest.php" line="24" assertions="1" time="6.441718"/>
        <testcase name="testGetNextEstadoPedidoIsEjecutar" class="Tests\Unit\pedido\GetEstadoSiguientePedidoTest" classname="Tests.Unit.pedido.GetEstadoSiguientePedidoTest" file="C:\xampp\htdocs\demo-proyecto-laravel\tests\Unit\pedido\GetEstadoSiguientePedidoTest.php" line="36" assertions="1" time="5.499251"/>
        <testcase name="testGetNextEstadoPedidoIsAprobar2" class="Tests\Unit\pedido\GetEstadoSiguientePedidoTest" classname="Tests.Unit.pedido.GetEstadoSiguientePedidoTest" file="C:\xampp\htdocs\demo-proyecto-laravel\tests\Unit\pedido\GetEstadoSiguientePedidoTest.php" line="48" assertions="1" time="5.186272"/>
        <testcase name="testGetNextEstadoPedidoIsTerminar" class="Tests\Unit\pedido\GetEstadoSiguientePedidoTest" classname="Tests.Unit.pedido.GetEstadoSiguientePedidoTest" file="C:\xampp\htdocs\demo-proyecto-laravel\tests\Unit\pedido\GetEstadoSiguientePedidoTest.php" line="60" assertions="1" time="4.902319"/>
      </testsuite>
      <testsuite name="Tests\Unit\pedido\GetNewCodigoPedidoTest" file="C:\xampp\htdocs\demo-proyecto-laravel\tests\Unit\pedido\GetNewCodigoPedidoTest.php" tests="3" assertions="3" errors="0" failures="0" skipped="0" time="13.285651">
        <testcase name="testGetNewCodigoPedidoOneDigit" class="Tests\Unit\pedido\GetNewCodigoPedidoTest" classname="Tests.Unit.pedido.GetNewCodigoPedidoTest" file="C:\xampp\htdocs\demo-proyecto-laravel\tests\Unit\pedido\GetNewCodigoPedidoTest.php" line="17" assertions="1" time="4.030612"/>
        <testcase name="testGetNewCodigoPedidoThreeDigit" class="Tests\Unit\pedido\GetNewCodigoPedidoTest" classname="Tests.Unit.pedido.GetNewCodigoPedidoTest" file="C:\xampp\htdocs\demo-proyecto-laravel\tests\Unit\pedido\GetNewCodigoPedidoTest.php" line="30" assertions="1" time="5.493316"/>
        <testcase name="testGetNewCodigoPedidoSixDigit" class="Tests\Unit\pedido\GetNewCodigoPedidoTest" classname="Tests.Unit.pedido.GetNewCodigoPedidoTest" file="C:\xampp\htdocs\demo-proyecto-laravel\tests\Unit\pedido\GetNewCodigoPedidoTest.php" line="43" assertions="1" time="3.761723"/>
      </testsuite>
      <testsuite name="Tests\Unit\pedido\GetXEstadoPedidoTest" file="C:\xampp\htdocs\demo-proyecto-laravel\tests\Unit\pedido\GetXEstadoPedidoTest.php" tests="5" assertions="5" errors="0" failures="0" skipped="0" time="22.181205">
        <testcase name="testPedidoIsAprobed" class="Tests\Unit\pedido\GetXEstadoPedidoTest" classname="Tests.Unit.pedido.GetXEstadoPedidoTest" file="C:\xampp\htdocs\demo-proyecto-laravel\tests\Unit\pedido\GetXEstadoPedidoTest.php" line="17" assertions="1" time="3.847848"/>
        <testcase name="testPedidoIsRejected" class="Tests\Unit\pedido\GetXEstadoPedidoTest" classname="Tests.Unit.pedido.GetXEstadoPedidoTest" file="C:\xampp\htdocs\demo-proyecto-laravel\tests\Unit\pedido\GetXEstadoPedidoTest.php" line="29" assertions="1" time="5.470755"/>
        <testcase name="testPedidoIsEsperaInsumos" class="Tests\Unit\pedido\GetXEstadoPedidoTest" classname="Tests.Unit.pedido.GetXEstadoPedidoTest" file="C:\xampp\htdocs\demo-proyecto-laravel\tests\Unit\pedido\GetXEstadoPedidoTest.php" line="41" assertions="1" time="4.962934"/>
        <testcase name="testPedidoIsEjecucion" class="Tests\Unit\pedido\GetXEstadoPedidoTest" classname="Tests.Unit.pedido.GetXEstadoPedidoTest" file="C:\xampp\htdocs\demo-proyecto-laravel\tests\Unit\pedido\GetXEstadoPedidoTest.php" line="53" assertions="1" time="3.875649"/>
        <testcase name="testPedidoIsTerminado" class="Tests\Unit\pedido\GetXEstadoPedidoTest" classname="Tests.Unit.pedido.GetXEstadoPedidoTest" file="C:\xampp\htdocs\demo-proyecto-laravel\tests\Unit\pedido\GetXEstadoPedidoTest.php" line="65" assertions="1" time="4.024019"/>
      </testsuite>
      <testsuite name="Tests\Unit\producto\GetUnidadMedidaProductoTest" file="C:\xampp\htdocs\demo-proyecto-laravel\tests\Unit\producto\GetUnidadMedidaProductoTest.php" tests="2" assertions="2" errors="0" failures="0" skipped="0" time="9.325763">
        <testcase name="testGetUnidadMedidaProductoIsPulgadas" class="Tests\Unit\producto\GetUnidadMedidaProductoTest" classname="Tests.Unit.producto.GetUnidadMedidaProductoTest" file="C:\xampp\htdocs\demo-proyecto-laravel\tests\Unit\producto\GetUnidadMedidaProductoTest.php" line="21" assertions="1" time="4.453606"/>
        <testcase name="testGetUnidadMedidaProductoIsMetros" class="Tests\Unit\producto\GetUnidadMedidaProductoTest" classname="Tests.Unit.producto.GetUnidadMedidaProductoTest" file="C:\xampp\htdocs\demo-proyecto-laravel\tests\Unit\producto\GetUnidadMedidaProductoTest.php" line="34" assertions="1" time="4.872157"/>
      </testsuite>
    </testsuite>
    <testsuite name="Feature" tests="34" assertions="125" errors="0" failures="0" skipped="0" time="171.649044">
      <testsuite name="Tests\Feature\UserCanComprarInsumosTest" file="C:\xampp\htdocs\demo-proyecto-laravel\tests\Feature\UserCanComprarInsumosTest.php" tests="4" assertions="15" errors="0" failures="0" skipped="0" time="29.322332">
        <testcase name="testUseCanSeeSolicitudesCompraInsumos" class="Tests\Feature\UserCanComprarInsumosTest" classname="Tests.Feature.UserCanComprarInsumosTest" file="C:\xampp\htdocs\demo-proyecto-laravel\tests\Feature\UserCanComprarInsumosTest.php" line="22" assertions="3" time="10.460135"/>
        <testcase name="testUseCanRejectSolicitud" class="Tests\Feature\UserCanComprarInsumosTest" classname="Tests.Feature.UserCanComprarInsumosTest" file="C:\xampp\htdocs\demo-proyecto-laravel\tests\Feature\UserCanComprarInsumosTest.php" line="36" assertions="4" time="5.589239"/>
        <testcase name="testUseCanApproveSolicitud" class="Tests\Feature\UserCanComprarInsumosTest" classname="Tests.Feature.UserCanComprarInsumosTest" file="C:\xampp\htdocs\demo-proyecto-laravel\tests\Feature\UserCanComprarInsumosTest.php" line="55" assertions="4" time="5.383120"/>
        <testcase name="testUseCanRegisterCompra" class="Tests\Feature\UserCanComprarInsumosTest" classname="Tests.Feature.UserCanComprarInsumosTest" file="C:\xampp\htdocs\demo-proyecto-laravel\tests\Feature\UserCanComprarInsumosTest.php" line="74" assertions="4" time="7.889838"/>
      </testsuite>
      <testsuite name="Tests\Feature\UserCanMainteinCategoryTest" file="C:\xampp\htdocs\demo-proyecto-laravel\tests\Feature\UserCanManteinCategoryTest.php" tests="6" assertions="21" errors="0" failures="0" skipped="0" time="24.874494">
        <testcase name="UserLoadsCategoryList" class="Tests\Feature\UserCanMainteinCategoryTest" classname="Tests.Feature.UserCanMainteinCategoryTest" file="C:\xampp\htdocs\demo-proyecto-laravel\tests\Feature\UserCanManteinCategoryTest.php" line="24" assertions="3" time="7.705329"/>
        <testcase name="UserCanCreateCategory" class="Tests\Feature\UserCanMainteinCategoryTest" classname="Tests.Feature.UserCanMainteinCategoryTest" file="C:\xampp\htdocs\demo-proyecto-laravel\tests\Feature\UserCanManteinCategoryTest.php" line="39" assertions="4" time="4.080230"/>
        <testcase name="UserCanEditCategory" class="Tests\Feature\UserCanMainteinCategoryTest" classname="Tests.Feature.UserCanMainteinCategoryTest" file="C:\xampp\htdocs\demo-proyecto-laravel\tests\Feature\UserCanManteinCategoryTest.php" line="54" assertions="2" time="3.544651"/>
        <testcase name="UserCanUpdateCategory" class="Tests\Feature\UserCanMainteinCategoryTest" classname="Tests.Feature.UserCanMainteinCategoryTest" file="C:\xampp\htdocs\demo-proyecto-laravel\tests\Feature\UserCanManteinCategoryTest.php" line="70" assertions="4" time="3.447305"/>
        <testcase name="UserCantDeleteCategoryWithProducts" class="Tests\Feature\UserCanMainteinCategoryTest" classname="Tests.Feature.UserCanMainteinCategoryTest" file="C:\xampp\htdocs\demo-proyecto-laravel\tests\Feature\UserCanManteinCategoryTest.php" line="87" assertions="4" time="2.878053"/>
        <testcase name="UserCanDeleteCategory" class="Tests\Feature\UserCanMainteinCategoryTest" classname="Tests.Feature.UserCanMainteinCategoryTest" file="C:\xampp\htdocs\demo-proyecto-laravel\tests\Feature\UserCanManteinCategoryTest.php" line="102" assertions="4" time="3.218926"/>
      </testsuite>
      <testsuite name="Tests\Feature\UserCanManteinPedidoTest" file="C:\xampp\htdocs\demo-proyecto-laravel\tests\Feature\UserCanManteinPedidoTest.php" tests="5" assertions="18" errors="0" failures="0" skipped="0" time="22.631996">
        <testcase name="UserLoadsOrderList" class="Tests\Feature\UserCanManteinPedidoTest" classname="Tests.Feature.UserCanManteinPedidoTest" file="C:\xampp\htdocs\demo-proyecto-laravel\tests\Feature\UserCanManteinPedidoTest.php" line="25" assertions="3" time="5.975729"/>
        <testcase name="UserCanCreateOrder" class="Tests\Feature\UserCanManteinPedidoTest" classname="Tests.Feature.UserCanManteinPedidoTest" file="C:\xampp\htdocs\demo-proyecto-laravel\tests\Feature\UserCanManteinPedidoTest.php" line="41" assertions="4" time="5.077322"/>
        <testcase name="UserCanEditOrder" class="Tests\Feature\UserCanManteinPedidoTest" classname="Tests.Feature.UserCanManteinPedidoTest" file="C:\xampp\htdocs\demo-proyecto-laravel\tests\Feature\UserCanManteinPedidoTest.php" line="56" assertions="3" time="4.862497"/>
        <testcase name="UserCanUpdateOrder" class="Tests\Feature\UserCanManteinPedidoTest" classname="Tests.Feature.UserCanManteinPedidoTest" file="C:\xampp\htdocs\demo-proyecto-laravel\tests\Feature\UserCanManteinPedidoTest.php" line="72" assertions="4" time="3.313710"/>
        <testcase name="UserCantDeleteOrder" class="Tests\Feature\UserCanManteinPedidoTest" classname="Tests.Feature.UserCanManteinPedidoTest" file="C:\xampp\htdocs\demo-proyecto-laravel\tests\Feature\UserCanManteinPedidoTest.php" line="88" assertions="4" time="3.402738"/>
      </testsuite>
      <testsuite name="Tests\Feature\UserCanManteinProductoTest" file="C:\xampp\htdocs\demo-proyecto-laravel\tests\Feature\UserCanManteinProductoTest.php" tests="5" assertions="21" errors="0" failures="0" skipped="0" time="29.098941">
        <testcase name="UserLoadsProducList" class="Tests\Feature\UserCanManteinProductoTest" classname="Tests.Feature.UserCanManteinProductoTest" file="C:\xampp\htdocs\demo-proyecto-laravel\tests\Feature\UserCanManteinProductoTest.php" line="25" assertions="3" time="7.919083"/>
        <testcase name="UserCanCreateProduct" class="Tests\Feature\UserCanManteinProductoTest" classname="Tests.Feature.UserCanManteinProductoTest" file="C:\xampp\htdocs\demo-proyecto-laravel\tests\Feature\UserCanManteinProductoTest.php" line="41" assertions="4" time="4.662576"/>
        <testcase name="UserCanEditProduct" class="Tests\Feature\UserCanManteinProductoTest" classname="Tests.Feature.UserCanManteinProductoTest" file="C:\xampp\htdocs\demo-proyecto-laravel\tests\Feature\UserCanManteinProductoTest.php" line="57" assertions="6" time="7.066915"/>
        <testcase name="UserCanUpdateProduct" class="Tests\Feature\UserCanManteinProductoTest" classname="Tests.Feature.UserCanManteinProductoTest" file="C:\xampp\htdocs\demo-proyecto-laravel\tests\Feature\UserCanManteinProductoTest.php" line="73" assertions="4" time="4.307952"/>
        <testcase name="UserCanDeleteProduct" class="Tests\Feature\UserCanManteinProductoTest" classname="Tests.Feature.UserCanManteinProductoTest" file="C:\xampp\htdocs\demo-proyecto-laravel\tests\Feature\UserCanManteinProductoTest.php" line="89" assertions="4" time="5.142415"/>
      </testsuite>
      <testsuite name="Tests\Feature\UserCanManteinProveedorTest" file="C:\xampp\htdocs\demo-proyecto-laravel\tests\Feature\UserCanManteinProveedorTest.php" tests="6" assertions="21" errors="0" failures="0" skipped="0" time="27.443688">
        <testcase name="UserLoadsProviderList" class="Tests\Feature\UserCanManteinProveedorTest" classname="Tests.Feature.UserCanManteinProveedorTest" file="C:\xampp\htdocs\demo-proyecto-laravel\tests\Feature\UserCanManteinProveedorTest.php" line="24" assertions="3" time="6.421925"/>
        <testcase name="UserCanCreateProvider" class="Tests\Feature\UserCanManteinProveedorTest" classname="Tests.Feature.UserCanManteinProveedorTest" file="C:\xampp\htdocs\demo-proyecto-laravel\tests\Feature\UserCanManteinProveedorTest.php" line="39" assertions="4" time="4.073529"/>
        <testcase name="UserCanEditProvider" class="Tests\Feature\UserCanManteinProveedorTest" classname="Tests.Feature.UserCanManteinProveedorTest" file="C:\xampp\htdocs\demo-proyecto-laravel\tests\Feature\UserCanManteinProveedorTest.php" line="54" assertions="2" time="3.838387"/>
        <testcase name="UserCanUpdateProvider" class="Tests\Feature\UserCanManteinProveedorTest" classname="Tests.Feature.UserCanManteinProveedorTest" file="C:\xampp\htdocs\demo-proyecto-laravel\tests\Feature\UserCanManteinProveedorTest.php" line="71" assertions="4" time="5.196582"/>
        <testcase name="UserCantDeleteProviderWithSupplies" class="Tests\Feature\UserCanManteinProveedorTest" classname="Tests.Feature.UserCanManteinProveedorTest" file="C:\xampp\htdocs\demo-proyecto-laravel\tests\Feature\UserCanManteinProveedorTest.php" line="87" assertions="4" time="4.072177"/>
        <testcase name="UserCantDeleteProvider" class="Tests\Feature\UserCanManteinProveedorTest" classname="Tests.Feature.UserCanManteinProveedorTest" file="C:\xampp\htdocs\demo-proyecto-laravel\tests\Feature\UserCanManteinProveedorTest.php" line="102" assertions="4" time="3.841088"/>
      </testsuite>
      <testsuite name="Tests\Feature\UserCanRevisarPedidoTest" file="C:\xampp\htdocs\demo-proyecto-laravel\tests\Feature\UserCanRevisarPedidoTest.php" tests="3" assertions="11" errors="0" failures="0" skipped="0" time="11.995841">
        <testcase name="testUserCanSeeEvaluarPedidos" class="Tests\Feature\UserCanRevisarPedidoTest" classname="Tests.Feature.UserCanRevisarPedidoTest" file="C:\xampp\htdocs\demo-proyecto-laravel\tests\Feature\UserCanRevisarPedidoTest.php" line="23" assertions="3" time="4.783827"/>
        <testcase name="testUserCanApprovePedido" class="Tests\Feature\UserCanRevisarPedidoTest" classname="Tests.Feature.UserCanRevisarPedidoTest" file="C:\xampp\htdocs\demo-proyecto-laravel\tests\Feature\UserCanRevisarPedidoTest.php" line="36" assertions="4" time="3.681041"/>
        <testcase name="testUserCanRejectPedido" class="Tests\Feature\UserCanRevisarPedidoTest" classname="Tests.Feature.UserCanRevisarPedidoTest" file="C:\xampp\htdocs\demo-proyecto-laravel\tests\Feature\UserCanRevisarPedidoTest.php" line="51" assertions="4" time="3.530973"/>
      </testsuite>
      <testsuite name="Tests\Feature\UserCanSeeDashBoardTest" file="C:\xampp\htdocs\demo-proyecto-laravel\tests\Feature\UserCanSeeDashBoardTest.php" tests="1" assertions="3" errors="0" failures="0" skipped="0" time="4.421231">
        <testcase name="testUserCanSeeDashBoard" class="Tests\Feature\UserCanSeeDashBoardTest" classname="Tests.Feature.UserCanSeeDashBoardTest" file="C:\xampp\htdocs\demo-proyecto-laravel\tests\Feature\UserCanSeeDashBoardTest.php" line="17" assertions="3" time="4.421231"/>
      </testsuite>
      <testsuite name="Tests\Feature\UserCanSeguirPedidoTest" file="C:\xampp\htdocs\demo-proyecto-laravel\tests\Feature\UserCanSeguirPedidoTest.php" tests="4" assertions="15" errors="0" failures="0" skipped="0" time="21.860521">
        <testcase name="testUserCanSeeEvaluarPedidos" class="Tests\Feature\UserCanSeguirPedidoTest" classname="Tests.Feature.UserCanSeguirPedidoTest" file="C:\xampp\htdocs\demo-proyecto-laravel\tests\Feature\UserCanSeguirPedidoTest.php" line="23" assertions="3" time="4.355884"/>
        <testcase name="testUserCanApprovePedido" class="Tests\Feature\UserCanSeguirPedidoTest" classname="Tests.Feature.UserCanSeguirPedidoTest" file="C:\xampp\htdocs\demo-proyecto-laravel\tests\Feature\UserCanSeguirPedidoTest.php" line="36" assertions="4" time="5.464123"/>
        <testcase name="testUserCanExecutePedido" class="Tests\Feature\UserCanSeguirPedidoTest" classname="Tests.Feature.UserCanSeguirPedidoTest" file="C:\xampp\htdocs\demo-proyecto-laravel\tests\Feature\UserCanSeguirPedidoTest.php" line="51" assertions="4" time="4.861338"/>
        <testcase name="testUserCanFinishPedido" class="Tests\Feature\UserCanSeguirPedidoTest" classname="Tests.Feature.UserCanSeguirPedidoTest" file="C:\xampp\htdocs\demo-proyecto-laravel\tests\Feature\UserCanSeguirPedidoTest.php" line="66" assertions="4" time="7.179176"/>
      </testsuite>
    </testsuite>
  </testsuite>
</testsuites>
